1-2.obj : error LNK2005: main 已经在 1-1.obj 中定义
D:\新建文件夹 (2)\第一，二次实验报告\x64\Debug\Project2.exe : fatal error LNK1169: 找到一个或多个多重定义的符号
